# JRE version: Java(TM) SE Runtime Environment 18.9 (11.0.9+7) (build 11.0.9+7-LTS)
# Java VM: Java HotSpot(TM) 64-Bit Server VM 18.9 (11.0.9+7-LTS, mixed mode, tiered, compressed oops, g1 gc, windows-amd64)
Heap:
 garbage-first heap   total 66560K, used 41586K [0x00000000c0a00000, 0x0000000100000000)
  region size 1024K, 2 young (2048K), 1 survivors (1024K)
 Metaspace       used 58743K, capacity 61240K, committed 61440K, reserved 1101824K
  class space    used 7898K, capacity 9127K, committed 9216K, reserved 1048576K
GC Heap History (10 events):
Event: 12.351 GC heap before
{Heap before GC invocations=12 (full 0):
 garbage-first heap   total 65536K, used 46112K [0x00000000c0a00000, 0x0000000100000000)
  region size 1024K, 21 young (21504K), 1 survivors (1024K)
 Metaspace       used 48596K, capacity 50460K, committed 50688K, reserved 1093632K
  class space    used 6443K, capacity 7324K, committed 7424K, reserved 1048576K
}
Event: 12.354 GC heap after
{Heap after GC invocations=13 (full 0):
 garbage-first heap   total 65536K, used 27945K [0x00000000c0a00000, 0x0000000100000000)
  region size 1024K, 3 young (3072K), 3 survivors (3072K)
 Metaspace       used 48596K, capacity 50460K, committed 50688K, reserved 1093632K
  class space    used 6443K, capacity 7324K, committed 7424K, reserved 1048576K
}
Event: 12.516 GC heap before
{Heap before GC invocations=13 (full 0):
 garbage-first heap   total 65536K, used 38185K [0x00000000c0a00000, 0x0000000100000000)
  region size 1024K, 14 young (14336K), 3 survivors (3072K)
 Metaspace       used 51498K, capacity 53560K, committed 53760K, reserved 1095680K
  class space    used 6879K, capacity 7875K, committed 7936K, reserved 1048576K
}
Event: 12.522 GC heap after
{Heap after GC invocations=14 (full 0):
 garbage-first heap   total 65536K, used 28469K [0x00000000c0a00000, 0x0000000100000000)
  region size 1024K, 2 young (2048K), 2 survivors (2048K)
 Metaspace       used 51498K, capacity 53560K, committed 53760K, reserved 1095680K
  class space    used 6879K, capacity 7875K, committed 7936K, reserved 1048576K
}
Event: 12.765 GC heap before
{Heap before GC invocations=15 (full 0):
 garbage-first heap   total 65536K, used 47925K [0x00000000c0a00000, 0x0000000100000000)
  region size 1024K, 13 young (13312K), 2 survivors (2048K)
 Metaspace       used 53525K, capacity 55643K, committed 55680K, reserved 1097728K
  class space    used 7253K, capacity 8284K, committed 8320K, reserved 1048576K
}
Event: 12.769 GC heap after
{Heap after GC invocations=16 (full 0):
 garbage-first heap   total 65536K, used 39811K [0x00000000c0a00000, 0x0000000100000000)
  region size 1024K, 2 young (2048K), 2 survivors (2048K)
 Metaspace       used 53525K, capacity 55643K, committed 55680K, reserved 1097728K
  class space    used 7253K, capacity 8284K, committed 8320K, reserved 1048576K
}
Event: 14.097 GC heap before
{Heap before GC invocations=17 (full 0):
 garbage-first heap   total 65536K, used 61315K [0x00000000c0a00000, 0x0000000100000000)
  region size 1024K, 14 young (14336K), 2 survivors (2048K)
 Metaspace       used 57205K, capacity 59652K, committed 59776K, reserved 1099776K
  class space    used 7810K, capacity 9014K, committed 9088K, reserved 1048576K
}
Event: 14.102 GC heap after
{Heap after GC invocations=18 (full 0):
 garbage-first heap   total 66560K, used 40935K [0x00000000c0a00000, 0x0000000100000000)
  region size 1024K, 2 young (2048K), 2 survivors (2048K)
 Metaspace       used 57205K, capacity 59652K, committed 59776K, reserved 1099776K
  class space    used 7810K, capacity 9014K, committed 9088K, reserved 1048576K
}
Event: 58.596 GC heap before
{Heap before GC invocations=18 (full 0):
 garbage-first heap   total 66560K, used 53223K [0x00000000c0a00000, 0x0000000100000000)
  region size 1024K, 14 young (14336K), 2 survivors (2048K)
 Metaspace       used 58699K, capacity 61240K, committed 61440K, reserved 1101824K
  class space    used 7898K, capacity 9127K, committed 9216K, reserved 1048576K
}
Event: 58.600 GC heap after
{Heap after GC invocations=19 (full 0):
 garbage-first heap   total 66560K, used 41586K [0x00000000c0a00000, 0x0000000100000000)
  region size 1024K, 1 young (1024K), 1 survivors (1024K)
 Metaspace       used 58699K, capacity 61240K, committed 61440K, reserved 1101824K
  class space    used 7898K, capacity 9127K, committed 9216K, reserved 1048576K
}

